<?xml version="1.0" encoding="UTF-8"?>
<testng-results skipped="0" failed="0" total="12" passed="12">
  <reporter-output>
  </reporter-output>
  <suite name="Default suite" duration-ms="57743" started-at="2020-12-27T10:58:57Z" finished-at="2020-12-27T10:59:55Z">
    <groups>
    </groups>
    <test name="Default test" duration-ms="57743" started-at="2020-12-27T10:58:57Z" finished-at="2020-12-27T10:59:55Z">
      <class name="testCases.HybridExecuteTest">
        <test-method status="PASS" signature="testLogin(java.lang.String, java.lang.String, java.lang.String, java.lang.String, java.lang.String)[pri:0, instance:testCases.HybridExecuteTest@6adca536]" name="testLogin" duration-ms="9433" started-at="2020-12-27T16:29:00Z" data-provider="hybridData" finished-at="2020-12-27T16:29:09Z">
          <params>
            <param index="0">
              <value>
                <![CDATA[Reset Login In Application]]>
              </value>
            </param>
            <param index="1">
              <value>
                <![CDATA[]]>
              </value>
            </param>
            <param index="2">
              <value>
                <![CDATA[]]>
              </value>
            </param>
            <param index="3">
              <value>
                <![CDATA[]]>
              </value>
            </param>
            <param index="4">
              <value>
                <![CDATA[]]>
              </value>
            </param>
          </params>
          <reporter-output>
          </reporter-output>
        </test-method> <!-- testLogin -->
        <test-method status="PASS" signature="testLogin(java.lang.String, java.lang.String, java.lang.String, java.lang.String, java.lang.String)[pri:0, instance:testCases.HybridExecuteTest@6adca536]" name="testLogin" duration-ms="5486" started-at="2020-12-27T16:29:09Z" data-provider="hybridData" finished-at="2020-12-27T16:29:15Z">
          <params>
            <param index="0">
              <value>
                <![CDATA[]]>
              </value>
            </param>
            <param index="1">
              <value>
                <![CDATA[GOTOURL]]>
              </value>
            </param>
            <param index="2">
              <value>
                <![CDATA[]]>
              </value>
            </param>
            <param index="3">
              <value>
                <![CDATA[]]>
              </value>
            </param>
            <param index="4">
              <value>
                <![CDATA[url]]>
              </value>
            </param>
          </params>
          <reporter-output>
          </reporter-output>
        </test-method> <!-- testLogin -->
        <test-method status="PASS" signature="testLogin(java.lang.String, java.lang.String, java.lang.String, java.lang.String, java.lang.String)[pri:0, instance:testCases.HybridExecuteTest@6adca536]" name="testLogin" duration-ms="412" started-at="2020-12-27T16:29:15Z" data-provider="hybridData" finished-at="2020-12-27T16:29:15Z">
          <params>
            <param index="0">
              <value>
                <![CDATA[]]>
              </value>
            </param>
            <param index="1">
              <value>
                <![CDATA[SETTEXT]]>
              </value>
            </param>
            <param index="2">
              <value>
                <![CDATA[username]]>
              </value>
            </param>
            <param index="3">
              <value>
                <![CDATA[name]]>
              </value>
            </param>
            <param index="4">
              <value>
                <![CDATA[mgr123]]>
              </value>
            </param>
          </params>
          <reporter-output>
          </reporter-output>
        </test-method> <!-- testLogin -->
        <test-method status="PASS" signature="testLogin(java.lang.String, java.lang.String, java.lang.String, java.lang.String, java.lang.String)[pri:0, instance:testCases.HybridExecuteTest@6adca536]" name="testLogin" duration-ms="452" started-at="2020-12-27T16:29:15Z" data-provider="hybridData" finished-at="2020-12-27T16:29:15Z">
          <params>
            <param index="0">
              <value>
                <![CDATA[]]>
              </value>
            </param>
            <param index="1">
              <value>
                <![CDATA[SETTEXT]]>
              </value>
            </param>
            <param index="2">
              <value>
                <![CDATA[password]]>
              </value>
            </param>
            <param index="3">
              <value>
                <![CDATA[name]]>
              </value>
            </param>
            <param index="4">
              <value>
                <![CDATA[mgr!23]]>
              </value>
            </param>
          </params>
          <reporter-output>
          </reporter-output>
        </test-method> <!-- testLogin -->
        <test-method status="PASS" signature="testLogin(java.lang.String, java.lang.String, java.lang.String, java.lang.String, java.lang.String)[pri:0, instance:testCases.HybridExecuteTest@6adca536]" name="testLogin" duration-ms="257" started-at="2020-12-27T16:29:15Z" data-provider="hybridData" finished-at="2020-12-27T16:29:16Z">
          <params>
            <param index="0">
              <value>
                <![CDATA[]]>
              </value>
            </param>
            <param index="1">
              <value>
                <![CDATA[CLICK]]>
              </value>
            </param>
            <param index="2">
              <value>
                <![CDATA[resetButton]]>
              </value>
            </param>
            <param index="3">
              <value>
                <![CDATA[name]]>
              </value>
            </param>
            <param index="4">
              <value>
                <![CDATA[]]>
              </value>
            </param>
          </params>
          <reporter-output>
          </reporter-output>
        </test-method> <!-- testLogin -->
        <test-method status="PASS" signature="testLogin(java.lang.String, java.lang.String, java.lang.String, java.lang.String, java.lang.String)[pri:0, instance:testCases.HybridExecuteTest@6adca536]" name="testLogin" duration-ms="18841" started-at="2020-12-27T16:29:16Z" data-provider="hybridData" finished-at="2020-12-27T16:29:35Z">
          <params>
            <param index="0">
              <value>
                <![CDATA[Login In Application]]>
              </value>
            </param>
            <param index="1">
              <value>
                <![CDATA[]]>
              </value>
            </param>
            <param index="2">
              <value>
                <![CDATA[]]>
              </value>
            </param>
            <param index="3">
              <value>
                <![CDATA[]]>
              </value>
            </param>
            <param index="4">
              <value>
                <![CDATA[]]>
              </value>
            </param>
          </params>
          <reporter-output>
          </reporter-output>
        </test-method> <!-- testLogin -->
        <test-method status="PASS" signature="testLogin(java.lang.String, java.lang.String, java.lang.String, java.lang.String, java.lang.String)[pri:0, instance:testCases.HybridExecuteTest@6adca536]" name="testLogin" duration-ms="12994" started-at="2020-12-27T16:29:35Z" data-provider="hybridData" finished-at="2020-12-27T16:29:48Z">
          <params>
            <param index="0">
              <value>
                <![CDATA[]]>
              </value>
            </param>
            <param index="1">
              <value>
                <![CDATA[GOTOURL]]>
              </value>
            </param>
            <param index="2">
              <value>
                <![CDATA[]]>
              </value>
            </param>
            <param index="3">
              <value>
                <![CDATA[]]>
              </value>
            </param>
            <param index="4">
              <value>
                <![CDATA[url]]>
              </value>
            </param>
          </params>
          <reporter-output>
          </reporter-output>
        </test-method> <!-- testLogin -->
        <test-method status="PASS" signature="testLogin(java.lang.String, java.lang.String, java.lang.String, java.lang.String, java.lang.String)[pri:0, instance:testCases.HybridExecuteTest@6adca536]" name="testLogin" duration-ms="508" started-at="2020-12-27T16:29:48Z" data-provider="hybridData" finished-at="2020-12-27T16:29:48Z">
          <params>
            <param index="0">
              <value>
                <![CDATA[]]>
              </value>
            </param>
            <param index="1">
              <value>
                <![CDATA[SETTEXT]]>
              </value>
            </param>
            <param index="2">
              <value>
                <![CDATA[username]]>
              </value>
            </param>
            <param index="3">
              <value>
                <![CDATA[name]]>
              </value>
            </param>
            <param index="4">
              <value>
                <![CDATA[mgr123]]>
              </value>
            </param>
          </params>
          <reporter-output>
          </reporter-output>
        </test-method> <!-- testLogin -->
        <test-method status="PASS" signature="testLogin(java.lang.String, java.lang.String, java.lang.String, java.lang.String, java.lang.String)[pri:0, instance:testCases.HybridExecuteTest@6adca536]" name="testLogin" duration-ms="558" started-at="2020-12-27T16:29:48Z" data-provider="hybridData" finished-at="2020-12-27T16:29:49Z">
          <params>
            <param index="0">
              <value>
                <![CDATA[]]>
              </value>
            </param>
            <param index="1">
              <value>
                <![CDATA[SETTEXT]]>
              </value>
            </param>
            <param index="2">
              <value>
                <![CDATA[password]]>
              </value>
            </param>
            <param index="3">
              <value>
                <![CDATA[name]]>
              </value>
            </param>
            <param index="4">
              <value>
                <![CDATA[mgr!23]]>
              </value>
            </param>
          </params>
          <reporter-output>
          </reporter-output>
        </test-method> <!-- testLogin -->
        <test-method status="PASS" signature="testLogin(java.lang.String, java.lang.String, java.lang.String, java.lang.String, java.lang.String)[pri:0, instance:testCases.HybridExecuteTest@6adca536]" name="testLogin" duration-ms="3339" started-at="2020-12-27T16:29:49Z" data-provider="hybridData" finished-at="2020-12-27T16:29:52Z">
          <params>
            <param index="0">
              <value>
                <![CDATA[]]>
              </value>
            </param>
            <param index="1">
              <value>
                <![CDATA[CLICK]]>
              </value>
            </param>
            <param index="2">
              <value>
                <![CDATA[loginButton]]>
              </value>
            </param>
            <param index="3">
              <value>
                <![CDATA[name]]>
              </value>
            </param>
            <param index="4">
              <value>
                <![CDATA[]]>
              </value>
            </param>
          </params>
          <reporter-output>
          </reporter-output>
        </test-method> <!-- testLogin -->
        <test-method status="PASS" signature="testLogin(java.lang.String, java.lang.String, java.lang.String, java.lang.String, java.lang.String)[pri:0, instance:testCases.HybridExecuteTest@6adca536]" name="testLogin" duration-ms="2659" started-at="2020-12-27T16:29:52Z" data-provider="hybridData" finished-at="2020-12-27T16:29:55Z">
          <params>
            <param index="0">
              <value>
                <![CDATA[]]>
              </value>
            </param>
            <param index="1">
              <value>
                <![CDATA[CLICK]]>
              </value>
            </param>
            <param index="2">
              <value>
                <![CDATA[newaccount]]>
              </value>
            </param>
            <param index="3">
              <value>
                <![CDATA[xpath]]>
              </value>
            </param>
            <param index="4">
              <value>
                <![CDATA[]]>
              </value>
            </param>
          </params>
          <reporter-output>
          </reporter-output>
        </test-method> <!-- testLogin -->
        <test-method status="PASS" signature="testLogin(java.lang.String, java.lang.String, java.lang.String, java.lang.String, java.lang.String)[pri:0, instance:testCases.HybridExecuteTest@6adca536]" name="testLogin" duration-ms="362" started-at="2020-12-27T16:29:55Z" data-provider="hybridData" finished-at="2020-12-27T16:29:55Z">
          <params>
            <param index="0">
              <value>
                <![CDATA[]]>
              </value>
            </param>
            <param index="1">
              <value>
                <![CDATA[SETTEXT]]>
              </value>
            </param>
            <param index="2">
              <value>
                <![CDATA[customerid]]>
              </value>
            </param>
            <param index="3">
              <value>
                <![CDATA[name]]>
              </value>
            </param>
            <param index="4">
              <value>
                <![CDATA[test]]>
              </value>
            </param>
          </params>
          <reporter-output>
          </reporter-output>
        </test-method> <!-- testLogin -->
      </class> <!-- testCases.HybridExecuteTest -->
    </test> <!-- Default test -->
  </suite> <!-- Default suite -->
</testng-results>
